   1               		.file	"main.c"
   2               	__SP_H__ = 0x3e
   3               	__SP_L__ = 0x3d
   4               	__SREG__ = 0x3f
   5               	__tmp_reg__ = 0
   6               	__zero_reg__ = 1
   8               		.text
   9               	.Ltext0:
 101               		.section	.text.startup,"ax",@progbits
 103               	.global	main
 105               	main:
   1:/Users/tedmyers/GitHub/learning-AVR/blink/blink/main.c **** /* included header files - necessary for functions and defined pins */
   2:/Users/tedmyers/GitHub/learning-AVR/blink/blink/main.c **** #include <avr/io.h>
   3:/Users/tedmyers/GitHub/learning-AVR/blink/blink/main.c **** #include <avr/interrupt.h>
   4:/Users/tedmyers/GitHub/learning-AVR/blink/blink/main.c **** #include <util/delay.h>
   5:/Users/tedmyers/GitHub/learning-AVR/blink/blink/main.c **** 
   6:/Users/tedmyers/GitHub/learning-AVR/blink/blink/main.c **** //void pwm_init(void);
   7:/Users/tedmyers/GitHub/learning-AVR/blink/blink/main.c **** 
   8:/Users/tedmyers/GitHub/learning-AVR/blink/blink/main.c **** 
   9:/Users/tedmyers/GitHub/learning-AVR/blink/blink/main.c **** // Pin Definitions (same for fruit and vegetable boards)
  10:/Users/tedmyers/GitHub/learning-AVR/blink/blink/main.c **** #define RED_PIN     PD3
  11:/Users/tedmyers/GitHub/learning-AVR/blink/blink/main.c **** #define GREEN_PIN   PD6
  12:/Users/tedmyers/GitHub/learning-AVR/blink/blink/main.c **** #define BLUE_PIN    PD5
  13:/Users/tedmyers/GitHub/learning-AVR/blink/blink/main.c **** #define LED_PORT    PORTD
  14:/Users/tedmyers/GitHub/learning-AVR/blink/blink/main.c **** #define LED_DDR     DDRD
  15:/Users/tedmyers/GitHub/learning-AVR/blink/blink/main.c **** #define ROT_A       PC0
  16:/Users/tedmyers/GitHub/learning-AVR/blink/blink/main.c **** #define ROT_B       PC1
  17:/Users/tedmyers/GitHub/learning-AVR/blink/blink/main.c **** #define BUTTON      PC3
  18:/Users/tedmyers/GitHub/learning-AVR/blink/blink/main.c **** 
  19:/Users/tedmyers/GitHub/learning-AVR/blink/blink/main.c **** int main(void)
  20:/Users/tedmyers/GitHub/learning-AVR/blink/blink/main.c **** {
 107               	.LM0:
 108               	.LFBB1:
 109               	/* prologue: function */
 110               	/* frame size = 0 */
 111               	/* stack size = 0 */
 112               	.L__stack_usage = 0
  21:/Users/tedmyers/GitHub/learning-AVR/blink/blink/main.c ****     
  22:/Users/tedmyers/GitHub/learning-AVR/blink/blink/main.c ****     // Set all three pins to output
  23:/Users/tedmyers/GitHub/learning-AVR/blink/blink/main.c ****     LED_DDR |= (1 << RED_PIN) | (1 << GREEN_PIN) | (1 << BLUE_PIN);
 114               	.LM1:
 115 0000 8AB1      		in r24,0xa
 116 0002 8866      		ori r24,lo8(104)
 117 0004 8AB9      		out 0xa,r24
 118               	.L2:
  24:/Users/tedmyers/GitHub/learning-AVR/blink/blink/main.c ****     
  25:/Users/tedmyers/GitHub/learning-AVR/blink/blink/main.c ****     int delay_amount = 1000;
  26:/Users/tedmyers/GitHub/learning-AVR/blink/blink/main.c ****     
  27:/Users/tedmyers/GitHub/learning-AVR/blink/blink/main.c ****     // loop forever
  28:/Users/tedmyers/GitHub/learning-AVR/blink/blink/main.c ****     while(1)
  29:/Users/tedmyers/GitHub/learning-AVR/blink/blink/main.c ****     {
  30:/Users/tedmyers/GitHub/learning-AVR/blink/blink/main.c ****         // light red LED, then turn off
  31:/Users/tedmyers/GitHub/learning-AVR/blink/blink/main.c ****         LED_PORT |= (1<<RED_PIN);
 120               	.LM2:
 121 0006 5B9A      		sbi 0xb,3
 122               	.LBB14:
 123               	.LBB15:
 125               	.Ltext1:
   1:/usr/local/CrossPack-AVR-20131216/avr/include/util/delay.h **** /* Copyright (c) 2002, Marek Michalkiewicz
   2:/usr/local/CrossPack-AVR-20131216/avr/include/util/delay.h ****    Copyright (c) 2004,2005,2007 Joerg Wunsch
   3:/usr/local/CrossPack-AVR-20131216/avr/include/util/delay.h ****    Copyright (c) 2007  Florin-Viorel Petrov
   4:/usr/local/CrossPack-AVR-20131216/avr/include/util/delay.h ****    All rights reserved.
   5:/usr/local/CrossPack-AVR-20131216/avr/include/util/delay.h **** 
   6:/usr/local/CrossPack-AVR-20131216/avr/include/util/delay.h ****    Redistribution and use in source and binary forms, with or without
   7:/usr/local/CrossPack-AVR-20131216/avr/include/util/delay.h ****    modification, are permitted provided that the following conditions are met:
   8:/usr/local/CrossPack-AVR-20131216/avr/include/util/delay.h **** 
   9:/usr/local/CrossPack-AVR-20131216/avr/include/util/delay.h ****    * Redistributions of source code must retain the above copyright
  10:/usr/local/CrossPack-AVR-20131216/avr/include/util/delay.h ****      notice, this list of conditions and the following disclaimer.
  11:/usr/local/CrossPack-AVR-20131216/avr/include/util/delay.h **** 
  12:/usr/local/CrossPack-AVR-20131216/avr/include/util/delay.h ****    * Redistributions in binary form must reproduce the above copyright
  13:/usr/local/CrossPack-AVR-20131216/avr/include/util/delay.h ****      notice, this list of conditions and the following disclaimer in
  14:/usr/local/CrossPack-AVR-20131216/avr/include/util/delay.h ****      the documentation and/or other materials provided with the
  15:/usr/local/CrossPack-AVR-20131216/avr/include/util/delay.h ****      distribution.
  16:/usr/local/CrossPack-AVR-20131216/avr/include/util/delay.h **** 
  17:/usr/local/CrossPack-AVR-20131216/avr/include/util/delay.h ****    * Neither the name of the copyright holders nor the names of
  18:/usr/local/CrossPack-AVR-20131216/avr/include/util/delay.h ****      contributors may be used to endorse or promote products derived
  19:/usr/local/CrossPack-AVR-20131216/avr/include/util/delay.h ****      from this software without specific prior written permission.
  20:/usr/local/CrossPack-AVR-20131216/avr/include/util/delay.h **** 
  21:/usr/local/CrossPack-AVR-20131216/avr/include/util/delay.h ****   THIS SOFTWARE IS PROVIDED BY THE COPYRIGHT HOLDERS AND CONTRIBUTORS "AS IS"
  22:/usr/local/CrossPack-AVR-20131216/avr/include/util/delay.h ****   AND ANY EXPRESS OR IMPLIED WARRANTIES, INCLUDING, BUT NOT LIMITED TO, THE
  23:/usr/local/CrossPack-AVR-20131216/avr/include/util/delay.h ****   IMPLIED WARRANTIES OF MERCHANTABILITY AND FITNESS FOR A PARTICULAR PURPOSE
  24:/usr/local/CrossPack-AVR-20131216/avr/include/util/delay.h ****   ARE DISCLAIMED. IN NO EVENT SHALL THE COPYRIGHT OWNER OR CONTRIBUTORS BE
  25:/usr/local/CrossPack-AVR-20131216/avr/include/util/delay.h ****   LIABLE FOR ANY DIRECT, INDIRECT, INCIDENTAL, SPECIAL, EXEMPLARY, OR
  26:/usr/local/CrossPack-AVR-20131216/avr/include/util/delay.h ****   CONSEQUENTIAL DAMAGES (INCLUDING, BUT NOT LIMITED TO, PROCUREMENT OF
  27:/usr/local/CrossPack-AVR-20131216/avr/include/util/delay.h ****   SUBSTITUTE GOODS OR SERVICES; LOSS OF USE, DATA, OR PROFITS; OR BUSINESS
  28:/usr/local/CrossPack-AVR-20131216/avr/include/util/delay.h ****   INTERRUPTION) HOWEVER CAUSED AND ON ANY THEORY OF LIABILITY, WHETHER IN
  29:/usr/local/CrossPack-AVR-20131216/avr/include/util/delay.h ****   CONTRACT, STRICT LIABILITY, OR TORT (INCLUDING NEGLIGENCE OR OTHERWISE)
  30:/usr/local/CrossPack-AVR-20131216/avr/include/util/delay.h ****   ARISING IN ANY WAY OUT OF THE USE OF THIS SOFTWARE, EVEN IF ADVISED OF THE
  31:/usr/local/CrossPack-AVR-20131216/avr/include/util/delay.h ****   POSSIBILITY OF SUCH DAMAGE. */
  32:/usr/local/CrossPack-AVR-20131216/avr/include/util/delay.h **** 
  33:/usr/local/CrossPack-AVR-20131216/avr/include/util/delay.h **** /* $Id$ */
  34:/usr/local/CrossPack-AVR-20131216/avr/include/util/delay.h **** 
  35:/usr/local/CrossPack-AVR-20131216/avr/include/util/delay.h **** #ifndef _UTIL_DELAY_H_
  36:/usr/local/CrossPack-AVR-20131216/avr/include/util/delay.h **** #define _UTIL_DELAY_H_ 1
  37:/usr/local/CrossPack-AVR-20131216/avr/include/util/delay.h **** 
  38:/usr/local/CrossPack-AVR-20131216/avr/include/util/delay.h **** #ifndef __HAS_DELAY_CYCLES
  39:/usr/local/CrossPack-AVR-20131216/avr/include/util/delay.h **** #define __HAS_DELAY_CYCLES 1
  40:/usr/local/CrossPack-AVR-20131216/avr/include/util/delay.h **** #endif
  41:/usr/local/CrossPack-AVR-20131216/avr/include/util/delay.h **** 
  42:/usr/local/CrossPack-AVR-20131216/avr/include/util/delay.h **** #include <inttypes.h>
  43:/usr/local/CrossPack-AVR-20131216/avr/include/util/delay.h **** #include <util/delay_basic.h>
  44:/usr/local/CrossPack-AVR-20131216/avr/include/util/delay.h **** #include <math.h>
  45:/usr/local/CrossPack-AVR-20131216/avr/include/util/delay.h **** 
  46:/usr/local/CrossPack-AVR-20131216/avr/include/util/delay.h **** /** \file */
  47:/usr/local/CrossPack-AVR-20131216/avr/include/util/delay.h **** /** \defgroup util_delay <util/delay.h>: Convenience functions for busy-wait delay loops
  48:/usr/local/CrossPack-AVR-20131216/avr/include/util/delay.h ****     \code
  49:/usr/local/CrossPack-AVR-20131216/avr/include/util/delay.h ****     #define F_CPU 1000000UL  // 1 MHz
  50:/usr/local/CrossPack-AVR-20131216/avr/include/util/delay.h ****     //#define F_CPU 14.7456E6
  51:/usr/local/CrossPack-AVR-20131216/avr/include/util/delay.h ****     #include <util/delay.h>
  52:/usr/local/CrossPack-AVR-20131216/avr/include/util/delay.h ****     \endcode
  53:/usr/local/CrossPack-AVR-20131216/avr/include/util/delay.h **** 
  54:/usr/local/CrossPack-AVR-20131216/avr/include/util/delay.h ****     \note As an alternative method, it is possible to pass the
  55:/usr/local/CrossPack-AVR-20131216/avr/include/util/delay.h ****     F_CPU macro down to the compiler from the Makefile.
  56:/usr/local/CrossPack-AVR-20131216/avr/include/util/delay.h ****     Obviously, in that case, no \c \#define statement should be
  57:/usr/local/CrossPack-AVR-20131216/avr/include/util/delay.h ****     used.
  58:/usr/local/CrossPack-AVR-20131216/avr/include/util/delay.h **** 
  59:/usr/local/CrossPack-AVR-20131216/avr/include/util/delay.h ****     The functions in this header file are wrappers around the basic
  60:/usr/local/CrossPack-AVR-20131216/avr/include/util/delay.h ****     busy-wait functions from <util/delay_basic.h>.  They are meant as
  61:/usr/local/CrossPack-AVR-20131216/avr/include/util/delay.h ****     convenience functions where actual time values can be specified
  62:/usr/local/CrossPack-AVR-20131216/avr/include/util/delay.h ****     rather than a number of cycles to wait for.  The idea behind is
  63:/usr/local/CrossPack-AVR-20131216/avr/include/util/delay.h ****     that compile-time constant expressions will be eliminated by
  64:/usr/local/CrossPack-AVR-20131216/avr/include/util/delay.h ****     compiler optimization so floating-point expressions can be used
  65:/usr/local/CrossPack-AVR-20131216/avr/include/util/delay.h ****     to calculate the number of delay cycles needed based on the CPU
  66:/usr/local/CrossPack-AVR-20131216/avr/include/util/delay.h ****     frequency passed by the macro F_CPU.
  67:/usr/local/CrossPack-AVR-20131216/avr/include/util/delay.h **** 
  68:/usr/local/CrossPack-AVR-20131216/avr/include/util/delay.h ****     \note In order for these functions to work as intended, compiler
  69:/usr/local/CrossPack-AVR-20131216/avr/include/util/delay.h ****     optimizations <em>must</em> be enabled, and the delay time
  70:/usr/local/CrossPack-AVR-20131216/avr/include/util/delay.h ****     <em>must</em> be an expression that is a known constant at
  71:/usr/local/CrossPack-AVR-20131216/avr/include/util/delay.h ****     compile-time.  If these requirements are not met, the resulting
  72:/usr/local/CrossPack-AVR-20131216/avr/include/util/delay.h ****     delay will be much longer (and basically unpredictable), and
  73:/usr/local/CrossPack-AVR-20131216/avr/include/util/delay.h ****     applications that otherwise do not use floating-point calculations
  74:/usr/local/CrossPack-AVR-20131216/avr/include/util/delay.h ****     will experience severe code bloat by the floating-point library
  75:/usr/local/CrossPack-AVR-20131216/avr/include/util/delay.h ****     routines linked into the application.
  76:/usr/local/CrossPack-AVR-20131216/avr/include/util/delay.h **** 
  77:/usr/local/CrossPack-AVR-20131216/avr/include/util/delay.h ****     The functions available allow the specification of microsecond, and
  78:/usr/local/CrossPack-AVR-20131216/avr/include/util/delay.h ****     millisecond delays directly, using the application-supplied macro
  79:/usr/local/CrossPack-AVR-20131216/avr/include/util/delay.h ****     F_CPU as the CPU clock frequency (in Hertz).
  80:/usr/local/CrossPack-AVR-20131216/avr/include/util/delay.h **** 
  81:/usr/local/CrossPack-AVR-20131216/avr/include/util/delay.h **** */
  82:/usr/local/CrossPack-AVR-20131216/avr/include/util/delay.h **** 
  83:/usr/local/CrossPack-AVR-20131216/avr/include/util/delay.h **** #if !defined(__DOXYGEN__)
  84:/usr/local/CrossPack-AVR-20131216/avr/include/util/delay.h **** static inline void _delay_us(double __us) __attribute__((always_inline));
  85:/usr/local/CrossPack-AVR-20131216/avr/include/util/delay.h **** static inline void _delay_ms(double __ms) __attribute__((always_inline));
  86:/usr/local/CrossPack-AVR-20131216/avr/include/util/delay.h **** #endif
  87:/usr/local/CrossPack-AVR-20131216/avr/include/util/delay.h **** 
  88:/usr/local/CrossPack-AVR-20131216/avr/include/util/delay.h **** #ifndef F_CPU
  89:/usr/local/CrossPack-AVR-20131216/avr/include/util/delay.h **** /* prevent compiler error by supplying a default */
  90:/usr/local/CrossPack-AVR-20131216/avr/include/util/delay.h **** # warning "F_CPU not defined for <util/delay.h>"
  91:/usr/local/CrossPack-AVR-20131216/avr/include/util/delay.h **** # define F_CPU 1000000UL
  92:/usr/local/CrossPack-AVR-20131216/avr/include/util/delay.h **** #endif
  93:/usr/local/CrossPack-AVR-20131216/avr/include/util/delay.h **** 
  94:/usr/local/CrossPack-AVR-20131216/avr/include/util/delay.h **** #ifndef __OPTIMIZE__
  95:/usr/local/CrossPack-AVR-20131216/avr/include/util/delay.h **** # warning "Compiler optimizations disabled; functions from <util/delay.h> won't work as designed"
  96:/usr/local/CrossPack-AVR-20131216/avr/include/util/delay.h **** #endif
  97:/usr/local/CrossPack-AVR-20131216/avr/include/util/delay.h **** 
  98:/usr/local/CrossPack-AVR-20131216/avr/include/util/delay.h **** #if __HAS_DELAY_CYCLES && defined(__OPTIMIZE__) && \
  99:/usr/local/CrossPack-AVR-20131216/avr/include/util/delay.h ****   !defined(__DELAY_BACKWARD_COMPATIBLE__) &&	   \
 100:/usr/local/CrossPack-AVR-20131216/avr/include/util/delay.h ****   __STDC_HOSTED__
 101:/usr/local/CrossPack-AVR-20131216/avr/include/util/delay.h **** #  include <math.h>
 102:/usr/local/CrossPack-AVR-20131216/avr/include/util/delay.h **** #endif
 103:/usr/local/CrossPack-AVR-20131216/avr/include/util/delay.h **** 
 104:/usr/local/CrossPack-AVR-20131216/avr/include/util/delay.h **** /**
 105:/usr/local/CrossPack-AVR-20131216/avr/include/util/delay.h ****    \ingroup util_delay
 106:/usr/local/CrossPack-AVR-20131216/avr/include/util/delay.h **** 
 107:/usr/local/CrossPack-AVR-20131216/avr/include/util/delay.h ****    Perform a delay of \c __ms milliseconds, using _delay_loop_2().
 108:/usr/local/CrossPack-AVR-20131216/avr/include/util/delay.h **** 
 109:/usr/local/CrossPack-AVR-20131216/avr/include/util/delay.h ****    The macro F_CPU is supposed to be defined to a
 110:/usr/local/CrossPack-AVR-20131216/avr/include/util/delay.h ****    constant defining the CPU clock frequency (in Hertz).
 111:/usr/local/CrossPack-AVR-20131216/avr/include/util/delay.h **** 
 112:/usr/local/CrossPack-AVR-20131216/avr/include/util/delay.h ****    The maximal possible delay is 262.14 ms / F_CPU in MHz.
 113:/usr/local/CrossPack-AVR-20131216/avr/include/util/delay.h **** 
 114:/usr/local/CrossPack-AVR-20131216/avr/include/util/delay.h ****    When the user request delay which exceed the maximum possible one,
 115:/usr/local/CrossPack-AVR-20131216/avr/include/util/delay.h ****    _delay_ms() provides a decreased resolution functionality. In this
 116:/usr/local/CrossPack-AVR-20131216/avr/include/util/delay.h ****    mode _delay_ms() will work with a resolution of 1/10 ms, providing
 117:/usr/local/CrossPack-AVR-20131216/avr/include/util/delay.h ****    delays up to 6.5535 seconds (independent from CPU frequency).  The
 118:/usr/local/CrossPack-AVR-20131216/avr/include/util/delay.h ****    user will not be informed about decreased resolution.
 119:/usr/local/CrossPack-AVR-20131216/avr/include/util/delay.h **** 
 120:/usr/local/CrossPack-AVR-20131216/avr/include/util/delay.h ****    If the avr-gcc toolchain has __builtin_avr_delay_cycles(unsigned long)
 121:/usr/local/CrossPack-AVR-20131216/avr/include/util/delay.h ****    support, maximal possible delay is 4294967.295 ms/ F_CPU in MHz. For
 122:/usr/local/CrossPack-AVR-20131216/avr/include/util/delay.h ****    values greater than the maximal possible delay, overflows results in
 123:/usr/local/CrossPack-AVR-20131216/avr/include/util/delay.h ****    no delay i.e., 0ms.
 124:/usr/local/CrossPack-AVR-20131216/avr/include/util/delay.h **** 
 125:/usr/local/CrossPack-AVR-20131216/avr/include/util/delay.h ****    Conversion of __us into clock cycles may not always result in integer.
 126:/usr/local/CrossPack-AVR-20131216/avr/include/util/delay.h ****    By default, the clock cycles rounded up to next integer. This ensures that
 127:/usr/local/CrossPack-AVR-20131216/avr/include/util/delay.h ****    the user gets atleast __us microseconds of delay.
 128:/usr/local/CrossPack-AVR-20131216/avr/include/util/delay.h **** 
 129:/usr/local/CrossPack-AVR-20131216/avr/include/util/delay.h ****    Alternatively, user can define __DELAY_ROUND_DOWN__ and __DELAY_ROUND_CLOSEST__
 130:/usr/local/CrossPack-AVR-20131216/avr/include/util/delay.h ****    to round down and round to closest integer.
 131:/usr/local/CrossPack-AVR-20131216/avr/include/util/delay.h **** 
 132:/usr/local/CrossPack-AVR-20131216/avr/include/util/delay.h ****    Note: The new implementation of _delay_ms(double __ms) with 
 133:/usr/local/CrossPack-AVR-20131216/avr/include/util/delay.h ****     __builtin_avr_delay_cycles(unsigned long) support is not backward compatible. 
 134:/usr/local/CrossPack-AVR-20131216/avr/include/util/delay.h ****    User can define __DELAY_BACKWARD_COMPATIBLE__ to get a backward compatible delay.
 135:/usr/local/CrossPack-AVR-20131216/avr/include/util/delay.h ****    Also, the backward compatible
 136:/usr/local/CrossPack-AVR-20131216/avr/include/util/delay.h ****    algorithm will be chosen if the code is compiled in a <em>freestanding
 137:/usr/local/CrossPack-AVR-20131216/avr/include/util/delay.h ****    environment</em> (GCC option \c -ffreestanding), as the math functions
 138:/usr/local/CrossPack-AVR-20131216/avr/include/util/delay.h ****    required for rounding are not available to the compiler then.
 139:/usr/local/CrossPack-AVR-20131216/avr/include/util/delay.h **** 
 140:/usr/local/CrossPack-AVR-20131216/avr/include/util/delay.h ****  */
 141:/usr/local/CrossPack-AVR-20131216/avr/include/util/delay.h **** void
 142:/usr/local/CrossPack-AVR-20131216/avr/include/util/delay.h **** _delay_ms(double __ms)
 143:/usr/local/CrossPack-AVR-20131216/avr/include/util/delay.h **** {
 144:/usr/local/CrossPack-AVR-20131216/avr/include/util/delay.h **** 	double __tmp ; 
 145:/usr/local/CrossPack-AVR-20131216/avr/include/util/delay.h **** #if __HAS_DELAY_CYCLES && defined(__OPTIMIZE__) && \
 146:/usr/local/CrossPack-AVR-20131216/avr/include/util/delay.h ****   !defined(__DELAY_BACKWARD_COMPATIBLE__) &&	   \
 147:/usr/local/CrossPack-AVR-20131216/avr/include/util/delay.h ****   __STDC_HOSTED__
 148:/usr/local/CrossPack-AVR-20131216/avr/include/util/delay.h **** 	uint32_t __ticks_dc;
 149:/usr/local/CrossPack-AVR-20131216/avr/include/util/delay.h **** 	extern void __builtin_avr_delay_cycles(unsigned long);
 150:/usr/local/CrossPack-AVR-20131216/avr/include/util/delay.h **** 	__tmp = ((F_CPU) / 1e3) * __ms;
 151:/usr/local/CrossPack-AVR-20131216/avr/include/util/delay.h **** 
 152:/usr/local/CrossPack-AVR-20131216/avr/include/util/delay.h **** 	#if defined(__DELAY_ROUND_DOWN__)
 153:/usr/local/CrossPack-AVR-20131216/avr/include/util/delay.h **** 		__ticks_dc = (uint32_t)fabs(__tmp);
 154:/usr/local/CrossPack-AVR-20131216/avr/include/util/delay.h **** 
 155:/usr/local/CrossPack-AVR-20131216/avr/include/util/delay.h **** 	#elif defined(__DELAY_ROUND_CLOSEST__)
 156:/usr/local/CrossPack-AVR-20131216/avr/include/util/delay.h **** 		__ticks_dc = (uint32_t)(fabs(__tmp)+0.5);
 157:/usr/local/CrossPack-AVR-20131216/avr/include/util/delay.h **** 
 158:/usr/local/CrossPack-AVR-20131216/avr/include/util/delay.h **** 	#else
 159:/usr/local/CrossPack-AVR-20131216/avr/include/util/delay.h **** 		//round up by default
 160:/usr/local/CrossPack-AVR-20131216/avr/include/util/delay.h **** 		__ticks_dc = (uint32_t)(ceil(fabs(__tmp)));
 161:/usr/local/CrossPack-AVR-20131216/avr/include/util/delay.h **** 	#endif
 162:/usr/local/CrossPack-AVR-20131216/avr/include/util/delay.h **** 
 163:/usr/local/CrossPack-AVR-20131216/avr/include/util/delay.h **** 	__builtin_avr_delay_cycles(__ticks_dc);
 127               	.LM3:
 128 0008 2FE3      		ldi r18,lo8(199999)
 129 000a 8DE0      		ldi r24,hi8(199999)
 130 000c 93E0      		ldi r25,hlo8(199999)
 131 000e 2150      		1: subi r18,1
 132 0010 8040      		sbci r24,0
 133 0012 9040      		sbci r25,0
 134 0014 01F4      		brne 1b
 135 0016 00C0      		rjmp .
 136 0018 0000      		nop
 137               	.LBE15:
 138               	.LBE14:
 140               	.Ltext2:
  32:/Users/tedmyers/GitHub/learning-AVR/blink/blink/main.c ****         _delay_ms(delay_amount);
  33:/Users/tedmyers/GitHub/learning-AVR/blink/blink/main.c ****         LED_PORT &= ~(1<<RED_PIN);
 142               	.LM4:
 143 001a 5B98      		cbi 0xb,3
 144               	.LBB16:
 145               	.LBB17:
 147               	.Ltext3:
 149               	.LM5:
 150 001c 2FE3      		ldi r18,lo8(199999)
 151 001e 8DE0      		ldi r24,hi8(199999)
 152 0020 93E0      		ldi r25,hlo8(199999)
 153 0022 2150      		1: subi r18,1
 154 0024 8040      		sbci r24,0
 155 0026 9040      		sbci r25,0
 156 0028 01F4      		brne 1b
 157 002a 00C0      		rjmp .
 158 002c 0000      		nop
 159               	.LBE17:
 160               	.LBE16:
 162               	.Ltext4:
  34:/Users/tedmyers/GitHub/learning-AVR/blink/blink/main.c ****         _delay_ms(delay_amount);
  35:/Users/tedmyers/GitHub/learning-AVR/blink/blink/main.c ****         
  36:/Users/tedmyers/GitHub/learning-AVR/blink/blink/main.c ****         // light green LED, then turn off
  37:/Users/tedmyers/GitHub/learning-AVR/blink/blink/main.c ****         LED_PORT |= (1<<GREEN_PIN);
 164               	.LM6:
 165 002e 5E9A      		sbi 0xb,6
 166               	.LBB18:
 167               	.LBB19:
 169               	.Ltext5:
 171               	.LM7:
 172 0030 2FE3      		ldi r18,lo8(199999)
 173 0032 8DE0      		ldi r24,hi8(199999)
 174 0034 93E0      		ldi r25,hlo8(199999)
 175 0036 2150      		1: subi r18,1
 176 0038 8040      		sbci r24,0
 177 003a 9040      		sbci r25,0
 178 003c 01F4      		brne 1b
 179 003e 00C0      		rjmp .
 180 0040 0000      		nop
 181               	.LBE19:
 182               	.LBE18:
 184               	.Ltext6:
  38:/Users/tedmyers/GitHub/learning-AVR/blink/blink/main.c ****         _delay_ms(delay_amount);
  39:/Users/tedmyers/GitHub/learning-AVR/blink/blink/main.c ****         LED_PORT &= ~(1<<GREEN_PIN);
 186               	.LM8:
 187 0042 5E98      		cbi 0xb,6
 188               	.LBB20:
 189               	.LBB21:
 191               	.Ltext7:
 193               	.LM9:
 194 0044 2FE3      		ldi r18,lo8(199999)
 195 0046 8DE0      		ldi r24,hi8(199999)
 196 0048 93E0      		ldi r25,hlo8(199999)
 197 004a 2150      		1: subi r18,1
 198 004c 8040      		sbci r24,0
 199 004e 9040      		sbci r25,0
 200 0050 01F4      		brne 1b
 201 0052 00C0      		rjmp .
 202 0054 0000      		nop
 203               	.LBE21:
 204               	.LBE20:
 206               	.Ltext8:
  40:/Users/tedmyers/GitHub/learning-AVR/blink/blink/main.c ****         _delay_ms(delay_amount);
  41:/Users/tedmyers/GitHub/learning-AVR/blink/blink/main.c ****         
  42:/Users/tedmyers/GitHub/learning-AVR/blink/blink/main.c ****         
  43:/Users/tedmyers/GitHub/learning-AVR/blink/blink/main.c ****         // light blue LED, then turn off
  44:/Users/tedmyers/GitHub/learning-AVR/blink/blink/main.c ****         LED_PORT |= (1<<BLUE_PIN);
 208               	.LM10:
 209 0056 5D9A      		sbi 0xb,5
 210               	.LBB22:
 211               	.LBB23:
 213               	.Ltext9:
 215               	.LM11:
 216 0058 2FE3      		ldi r18,lo8(199999)
 217 005a 8DE0      		ldi r24,hi8(199999)
 218 005c 93E0      		ldi r25,hlo8(199999)
 219 005e 2150      		1: subi r18,1
 220 0060 8040      		sbci r24,0
 221 0062 9040      		sbci r25,0
 222 0064 01F4      		brne 1b
 223 0066 00C0      		rjmp .
 224 0068 0000      		nop
 225               	.LBE23:
 226               	.LBE22:
 228               	.Ltext10:
  45:/Users/tedmyers/GitHub/learning-AVR/blink/blink/main.c ****         _delay_ms(delay_amount);
  46:/Users/tedmyers/GitHub/learning-AVR/blink/blink/main.c ****         LED_PORT &= ~(1<<BLUE_PIN);
 230               	.LM12:
 231 006a 5D98      		cbi 0xb,5
 232               	.LBB24:
 233               	.LBB25:
 235               	.Ltext11:
 237               	.LM13:
 238 006c 2FE3      		ldi r18,lo8(199999)
 239 006e 8DE0      		ldi r24,hi8(199999)
 240 0070 93E0      		ldi r25,hlo8(199999)
 241 0072 2150      		1: subi r18,1
 242 0074 8040      		sbci r24,0
 243 0076 9040      		sbci r25,0
 244 0078 01F4      		brne 1b
 245 007a 00C0      		rjmp .
 246 007c 0000      		nop
 247 007e 00C0      		rjmp .L2
 248               	.LBE25:
 249               	.LBE24:
 251               	.Lscope1:
 252               		.text
 254               	.Letext0:
 255               		.ident	"GCC: (GNU) 4.8.1"
DEFINED SYMBOLS
                            *ABS*:00000000 main.c
/var/folders/l2/bb4sdg190jl6980wclmsgs7h0000gr/T//ccSWOCVm.s:2      *ABS*:0000003e __SP_H__
/var/folders/l2/bb4sdg190jl6980wclmsgs7h0000gr/T//ccSWOCVm.s:3      *ABS*:0000003d __SP_L__
/var/folders/l2/bb4sdg190jl6980wclmsgs7h0000gr/T//ccSWOCVm.s:4      *ABS*:0000003f __SREG__
/var/folders/l2/bb4sdg190jl6980wclmsgs7h0000gr/T//ccSWOCVm.s:5      *ABS*:00000000 __tmp_reg__
/var/folders/l2/bb4sdg190jl6980wclmsgs7h0000gr/T//ccSWOCVm.s:6      *ABS*:00000001 __zero_reg__
/var/folders/l2/bb4sdg190jl6980wclmsgs7h0000gr/T//ccSWOCVm.s:105    .text.startup:00000000 main

NO UNDEFINED SYMBOLS
